2026-04-14 09:00:32,916 [paper_miner] INFO: === Paper Miner 开始运行 ===
2026-04-14 09:00:32,917 [paper_miner] INFO: Step 1: 拉取 HuggingFace Daily Papers...
2026-04-14 09:00:35,010 [paper_miner] INFO: 成功拉取 50 篇论文
2026-04-14 09:00:35,010 [paper_miner] INFO: Step 2: 去重过滤（共 50 篇）...
2026-04-14 09:00:35,010 [paper_miner] INFO: 去重后剩余 50 篇新论文
2026-04-14 09:00:35,012 [paper_miner] INFO: Step 4: 开始打分（50 篇）...
2026-04-14 09:00:35,012 [paper_miner] INFO:   打分中 [1/50]: BMdataset: A Musicologically Curated LilyPond Data...
2026-04-14 09:00:48,496 [paper_miner] INFO:     → 68 分 | 该论文提出了一个音乐学专家标注的 LilyPond 符号音乐数据集 BMdata
2026-04-14 09:00:48,496 [paper_miner] INFO:   打分中 [2/50]: Advancing Polish Language Modeling through Tokeniz...
2026-04-14 09:01:00,973 [paper_miner] INFO:     → 68 分 | 该论文通过为波兰语优化 tokenizer，并采用多阶段预训练及 alignme
2026-04-14 09:01:00,973 [paper_miner] INFO:   打分中 [3/50]: QuanBench+: A Unified Multi-Framework Benchmark fo...
2026-04-14 09:01:12,814 [paper_miner] INFO:     → 58 分 | 这篇论文提出了一个名为 QuanBench+ 的统一 benchmark，用于评
2026-04-14 09:01:12,814 [paper_miner] INFO:   打分中 [4/50]: Polyglot Teachers: Evaluating Language Models for ...
2026-04-14 09:01:28,688 [paper_miner] INFO:     → 68 分 | 这篇论文系统性地评估了10个语言模型在6种语言上生成超过140万条SFT数据的能
2026-04-14 09:01:28,688 [paper_miner] INFO:   打分中 [5/50]: SPEED-Bench: A Unified and Diverse Benchmark for S...
2026-04-14 09:01:43,758 [paper_miner] INFO:     → 68 分 | 这篇论文提出了一个名为SPEED-Bench的统一且多样化的benchmark，
2026-04-14 09:01:43,758 [paper_miner] INFO:   打分中 [6/50]: Not All Denoising Steps Are Equal: Model Schedulin...
2026-04-14 09:01:57,817 [paper_miner] INFO:     → 68 分 | 这篇论文提出了一种针对 masked diffusion language mo
2026-04-14 09:01:57,817 [paper_miner] INFO:   打分中 [7/50]: Playing Along: Learning a Double-Agent Defender fo...
2026-04-14 09:02:12,314 [paper_miner] INFO:     → 68 分 | 提出一个基于 Theory of Mind 的隐私保护挑战任务 ToM-SB，并
2026-04-14 09:02:12,314 [paper_miner] INFO:   打分中 [8/50]: DiningBench: A Hierarchical Multi-view Benchmark f...
2026-04-14 09:02:24,701 [paper_miner] INFO:     → 58 分 | 美团团队提出了一个用于评估 Vision-Language Models 在饮食
2026-04-14 09:02:24,702 [paper_miner] INFO:   打分中 [9/50]: Uni-ViGU: Towards Unified Video Generation and Und...
